#
# There is insufficient memory for the Java Runtime Environment to continue.
# Native memory allocation (malloc) failed to allocate 32744 bytes. Error detail: ChunkPool::allocate
# Possible reasons:
#   The system is out of physical RAM or swap space
#   This process is running with CompressedOops enabled, and the Java Heap may be blocking the growth of the native heap
# Possible solutions:
#   Reduce memory load on the system
#   Increase physical memory or swap space
#   Check if swap backing store is full
#   Decrease Java heap size (-Xmx/-Xms)
#   Decrease number of Java threads
#   Decrease Java thread stack sizes (-Xss)
#   Set larger code cache with -XX:ReservedCodeCacheSize=
#
-Xmx64m -Xms64m -Dorg.gradle.appname=gradlew C:\xampp\htdocs\RiderGPSTracker\android\\gradle\wrapper\gradle-wrapper.jar app:installDebug -PreactNativeDevServerPort=8081

Host: 11th Gen Intel(R) Core(TM) i7-1165G7 @ 2.80GHz, 8 cores, 7G,  Windows 10 , 64 bit Build 19041 (10.0.19041.5915)
Time: Fri Oct 24 02:10:17 2025 Arabian Standard Time elapsed time: 330.229140 seconds (0d 0h 5m 30s)

---------------  T H R E A D  ---------------

Current thread (0x0000018e7c7befa0):  JavaThread "C2 CompilerThread0" daemon [_thread_in_native, id=31052, stack(0x000000643fa00000,0x000000643fb00000)]


Current CompileTask:
C2: 330231 1945       4       java.util.concurrent.ScheduledThreadPoolExecutor$ScheduledFutureTask::getDelay (16 bytes)

Stack: [0x000000643fa00000,0x000000643fb00000]
Native frames: (J=compiled Java code, j=interpreted, Vv=VM code, C=native code)
V  [jvm.dll+0x68ee19]